<?xml version="1.0" encoding="UTF-8"?>
<!-- Generated by org.testng.reporters.JUnitReportReporter -->
<testsuite hostname="DESKTOP-2G5RJEH" failures="0" tests="3" name="runner.TestRunner" time="46.648" errors="3" timestamp="23 Jul 2023 16:17:12 GMT" skipped="0">
  <testcase classname="runner.TestRunner" name="runScenario" time="14.052">
    <error message="Unresolved compilation problem: 
	Syntax error on token &quot;|&quot;, delete this token
" type="java.lang.Error">
      <![CDATA[java.lang.Error: Unresolved compilation problem: 
Syntax error on token "|", delete this token

at steps.searchproducts.i_can_see_the_search_results_successfully(searchproducts.java:53)
at ✽.i can see the search results successfully(file:///C:/Users/sanando%20das/eclipse-workspace/com.google.searchMachine/Features/searchProducts.feature:10)
]]>
    </error>
  </testcase> <!-- runScenario -->
  <testcase classname="runner.TestRunner" name="runScenario" time="25.050">
    <error message="Unresolved compilation problem: 
	Syntax error on token &quot;|&quot;, delete this token
" type="java.lang.Error">
      <![CDATA[java.lang.Error: Unresolved compilation problem: 
Syntax error on token "|", delete this token

at steps.searchproducts.i_can_see_the_search_results_successfully(searchproducts.java:53)
at ✽.i can see the search results successfully(file:///C:/Users/sanando%20das/eclipse-workspace/com.google.searchMachine/Features/searchProducts.feature:10)
]]>
    </error>
  </testcase> <!-- runScenario -->
  <testcase classname="runner.TestRunner" name="runScenario" time="7.546">
    <error message="Unresolved compilation problem: 
	Syntax error on token &quot;|&quot;, delete this token
" type="java.lang.Error">
      <![CDATA[java.lang.Error: Unresolved compilation problem: 
Syntax error on token "|", delete this token

at steps.searchproducts.i_can_see_the_search_results_successfully(searchproducts.java:53)
at ✽.i can see the search results successfully(file:///C:/Users/sanando%20das/eclipse-workspace/com.google.searchMachine/Features/searchProducts.feature:10)
]]>
    </error>
  </testcase> <!-- runScenario -->
</testsuite> <!-- runner.TestRunner -->
